<?xml version="1.0" encoding="UTF-8"?>
<!-- Generated by org.testng.reporters.JUnitXMLReporter -->
<testsuite hostname="DESKTOP-2VT3LH1" ignored="3" name="FinalProjectAmazon" tests="1" failures="0" timestamp="2022-02-03T22:57:47 CET" time="40.492" errors="0">
  <testcase name="proceedToCheckOut" time="32.712" classname="Test.TestAmazon"/>
  <testcase name="deleteElementFromCart" time="0.0" classname="Test.TestAmazon">
    <ignored/>
  </testcase> <!-- deleteElementFromCart -->
  <testcase name="addBooksToCart" time="0.0" classname="Test.TestAmazon">
    <ignored/>
  </testcase> <!-- addBooksToCart -->
  <testcase name="searchInput" time="0.0" classname="Test.TestAmazon">
    <ignored/>
  </testcase> <!-- searchInput -->
</testsuite> <!-- FinalProjectAmazon -->
