<?xml version="1.0" encoding="UTF-8"?>
<testng-results skipped="0" failed="0" ignored="3" total="4" passed="1">
  <reporter-output>
  </reporter-output>
  <suite name="Default Suite" duration-ms="40492" started-at="2022-02-03T22:57:06 CET" finished-at="2022-02-03T22:57:47 CET">
    <groups>
    </groups>
    <test name="FinalProjectAmazon" duration-ms="40492" started-at="2022-02-03T22:57:06 CET" finished-at="2022-02-03T22:57:47 CET">
      <class name="Test.TestAmazon">
        <test-method status="PASS" signature="setUp()[pri:0, instance:Test.TestAmazon@262b2c86]" name="setUp" is-config="true" duration-ms="7667" started-at="2022-02-03T22:57:06 CET" finished-at="2022-02-03T22:57:14 CET">
          <reporter-output>
          </reporter-output>
        </test-method> <!-- setUp -->
        <test-method status="PASS" signature="proceedToCheckOut()[pri:50, instance:Test.TestAmazon@262b2c86]" name="proceedToCheckOut" duration-ms="32712" started-at="2022-02-03T22:57:14 CET" finished-at="2022-02-03T22:57:47 CET">
          <reporter-output>
          </reporter-output>
        </test-method> <!-- proceedToCheckOut -->
      </class> <!-- Test.TestAmazon -->
    </test> <!-- FinalProjectAmazon -->
  </suite> <!-- Default Suite -->
</testng-results>
